<?xml version="1.0" encoding="UTF-8"?>
<testng-results ignored="0" total="1" passed="1" failed="0" skipped="0">
  <reporter-output>
  </reporter-output>
  <suite started-at="2024-10-18T12:30:00 IST" name="Default suite" finished-at="2024-10-18T12:30:03 IST" duration-ms="2834">
    <groups>
    </groups>
    <test started-at="2024-10-18T12:30:00 IST" name="Default test" finished-at="2024-10-18T12:30:03 IST" duration-ms="2834">
      <class name="DynamicJson">
        <test-method signature="addBook2()[pri:0, instance:DynamicJson@69b2283a]" started-at="2024-10-18T12:30:00 IST" name="addBook2" finished-at="2024-10-18T12:30:03 IST" duration-ms="2784" status="PASS">
          <reporter-output>
          </reporter-output>
        </test-method> <!-- addBook2 -->
      </class> <!-- DynamicJson -->
    </test> <!-- Default test -->
  </suite> <!-- Default suite -->
</testng-results>
